s6-rc: info: service legacy-services: stopping
[08:08:57] INFO: [32mHome Assistant Core finish process exit code 0[0m
[08:08:57] INFO: [32mHome Assistant Core service shutdown[0m
s6-rc: info: service legacy-services successfully stopped
s6-rc: info: service legacy-cont-init: stopping
s6-rc: info: service legacy-cont-init successfully stopped
s6-rc: info: service fix-attrs: stopping
s6-rc: info: service fix-attrs successfully stopped
s6-rc: info: service s6rc-oneshot-runner: stopping
s6-rc: info: service s6rc-oneshot-runner successfully stopped
s6-rc: info: service s6rc-oneshot-runner: starting
s6-rc: info: service s6rc-oneshot-runner successfully started
s6-rc: info: service fix-attrs: starting
s6-rc: info: service fix-attrs successfully started
s6-rc: info: service legacy-cont-init: starting
s6-rc: info: service legacy-cont-init successfully started
s6-rc: info: service legacy-services: starting
services-up: info: copying legacy longrun home-assistant (no readiness notification)
s6-rc: info: service legacy-services successfully started
[33m2025-08-24 10:09:34.475 WARNING (SyncWorker_0) [homeassistant.loader] We found a custom integration hacs which has not been tested by Home Assistant. This component might cause stability problems, be sure to disable it if you experience issues with Home Assistant[0m
[33m2025-08-24 10:09:50.009 WARNING (ImportExecutor_0) [py.warnings] /usr/local/lib/python3.13/site-packages/google/__init__.py:2: UserWarning: pkg_resources is deprecated as an API. See https://setuptools.pypa.io/en/latest/pkg_resources.html. The pkg_resources package is slated for removal as early as 2025-11-30. Refrain from using this package or pin to Setuptools<81.
  __import__('pkg_resources').declare_namespace(__name__)
[0m
[33m2025-08-24 10:09:53.571 WARNING (MainThread) [homeassistant.components.heos.coordinator] The HEOS System is not logged in: Enter credentials in the integration options to access favorites and streaming services[0m
s6-rc: info: service legacy-services: stopping
[08:11:07] INFO: [32mHome Assistant Core finish process exit code 0[0m
[08:11:07] INFO: [32mHome Assistant Core service shutdown[0m
s6-rc: info: service legacy-services successfully stopped
s6-rc: info: service legacy-cont-init: stopping
s6-rc: info: service legacy-cont-init successfully stopped
s6-rc: info: service fix-attrs: stopping
s6-rc: info: service fix-attrs successfully stopped
s6-rc: info: service s6rc-oneshot-runner: stopping
s6-rc: info: service s6rc-oneshot-runner successfully stopped
s6-rc: info: service s6rc-oneshot-runner: starting
s6-rc: info: service s6rc-oneshot-runner successfully started
s6-rc: info: service fix-attrs: starting
s6-rc: info: service fix-attrs successfully started
s6-rc: info: service legacy-cont-init: starting
s6-rc: info: service legacy-cont-init successfully started
s6-rc: info: service legacy-services: starting
services-up: info: copying legacy longrun home-assistant (no readiness notification)
s6-rc: info: service legacy-services successfully started
[33m2025-08-24 10:11:18.347 WARNING (SyncWorker_0) [homeassistant.loader] We found a custom integration hacs which has not been tested by Home Assistant. This component might cause stability problems, be sure to disable it if you experience issues with Home Assistant[0m
[33m2025-08-24 10:11:27.014 WARNING (ImportExecutor_0) [py.warnings] /usr/local/lib/python3.13/site-packages/google/__init__.py:2: UserWarning: pkg_resources is deprecated as an API. See https://setuptools.pypa.io/en/latest/pkg_resources.html. The pkg_resources package is slated for removal as early as 2025-11-30. Refrain from using this package or pin to Setuptools<81.
  __import__('pkg_resources').declare_namespace(__name__)
[0m
[33m2025-08-24 10:11:31.054 WARNING (MainThread) [homeassistant.components.heos.coordinator] The HEOS System is not logged in: Enter credentials in the integration options to access favorites and streaming services[0m
[31m2025-08-24 10:12:00.610 ERROR (MainThread) [homeassistant.components.hassio] Failed to to call /addons/local_ha-samsung-frame-art-director/rebuild - Add-on local_ha-samsung-frame-art-director is not available inside store[0m
[31m2025-08-24 10:12:04.452 ERROR (MainThread) [homeassistant.components.hassio] Failed to to call /addons/local_ha-samsung-frame-art-director/rebuild - Add-on local_ha-samsung-frame-art-director is not available inside store[0m
[31m2025-08-24 10:16:15.038 ERROR (MainThread) [homeassistant.components.hassio] Failed to to call /addons/local_ha-samsung-frame-art-director/rebuild - Add-on local_ha-samsung-frame-art-director is not available inside store[0m
s6-rc: info: service legacy-services: stopping
[08:49:02] INFO: [32mHome Assistant Core finish process exit code 0[0m
[08:49:02] INFO: [32mHome Assistant Core service shutdown[0m
s6-rc: info: service legacy-services successfully stopped
s6-rc: info: service legacy-cont-init: stopping
s6-rc: info: service legacy-cont-init successfully stopped
s6-rc: info: service fix-attrs: stopping
s6-rc: info: service fix-attrs successfully stopped
s6-rc: info: service s6rc-oneshot-runner: stopping
s6-rc: info: service s6rc-oneshot-runner successfully stopped
s6-rc: info: service s6rc-oneshot-runner: starting
s6-rc: info: service s6rc-oneshot-runner successfully started
s6-rc: info: service fix-attrs: starting
s6-rc: info: service fix-attrs successfully started
s6-rc: info: service legacy-cont-init: starting
s6-rc: info: service legacy-cont-init successfully started
s6-rc: info: service legacy-services: starting
services-up: info: copying legacy longrun home-assistant (no readiness notification)
s6-rc: info: service legacy-services successfully started
[33m2025-08-24 10:49:12.980 WARNING (SyncWorker_0) [homeassistant.loader] We found a custom integration hacs which has not been tested by Home Assistant. This component might cause stability problems, be sure to disable it if you experience issues with Home Assistant[0m
[33m2025-08-24 10:49:21.942 WARNING (MainThread) [homeassistant.components.heos.coordinator] The HEOS System is not logged in: Enter credentials in the integration options to access favorites and streaming services[0m
[33m2025-08-24 10:49:24.656 WARNING (ImportExecutor_0) [py.warnings] /usr/local/lib/python3.13/site-packages/google/__init__.py:2: UserWarning: pkg_resources is deprecated as an API. See https://setuptools.pypa.io/en/latest/pkg_resources.html. The pkg_resources package is slated for removal as early as 2025-11-30. Refrain from using this package or pin to Setuptools<81.
  __import__('pkg_resources').declare_namespace(__name__)
[0m
s6-rc: info: service legacy-services: stopping
[08:50:04] INFO: [32mHome Assistant Core finish process exit code 0[0m
[08:50:04] INFO: [32mHome Assistant Core service shutdown[0m
s6-rc: info: service legacy-services successfully stopped
s6-rc: info: service legacy-cont-init: stopping
s6-rc: info: service legacy-cont-init successfully stopped
s6-rc: info: service fix-attrs: stopping
s6-rc: info: service fix-attrs successfully stopped
s6-rc: info: service s6rc-oneshot-runner: stopping
s6-rc: info: service s6rc-oneshot-runner successfully stopped
s6-rc: info: service s6rc-oneshot-runner: starting
s6-rc: info: service s6rc-oneshot-runner successfully started
s6-rc: info: service fix-attrs: starting
s6-rc: info: service fix-attrs successfully started
s6-rc: info: service legacy-cont-init: starting
s6-rc: info: service legacy-cont-init successfully started
s6-rc: info: service legacy-services: starting
services-up: info: copying legacy longrun home-assistant (no readiness notification)
s6-rc: info: service legacy-services successfully started
[33m2025-08-24 10:50:15.491 WARNING (SyncWorker_0) [homeassistant.loader] We found a custom integration hacs which has not been tested by Home Assistant. This component might cause stability problems, be sure to disable it if you experience issues with Home Assistant[0m
[33m2025-08-24 10:50:22.410 WARNING (ImportExecutor_0) [py.warnings] /usr/local/lib/python3.13/site-packages/google/__init__.py:2: UserWarning: pkg_resources is deprecated as an API. See https://setuptools.pypa.io/en/latest/pkg_resources.html. The pkg_resources package is slated for removal as early as 2025-11-30. Refrain from using this package or pin to Setuptools<81.
  __import__('pkg_resources').declare_namespace(__name__)
[0m
[33m2025-08-24 10:50:27.117 WARNING (MainThread) [homeassistant.components.heos.coordinator] The HEOS System is not logged in: Enter credentials in the integration options to access favorites and streaming services[0m
[31m2025-08-24 11:06:50.635 ERROR (MainThread) [homeassistant.components.hassio] Failed to to call /store/repositories - https://github.com/janstrm/Home-Assistant-Samsung-Frame-Director is not a valid add-on repository[0m
